%!Adobe-FontList 1.20
%Locale:0x409

%BeginFont
Handler:DirectoryHandler
FontType:Type1
FontName:HelveticaNeueLTStd-Bd
FamilyName:Helvetica Neue LT Std
StyleName:75 Bold
MenuName:HelveticaNeueLT Std
StyleBits:2
WeightClass:700
WidthClass:5
AngleClass:0
FullName:Helvetica Neue LT Std 75 Bold
WritingScript:Roman
OutlineFileName:/Users/erimacbookpro/Documents/GitHub/Choi_23Hour-Unit/FromBeverly/Campus inserts Folder/Document fonts/HelveticaNeueLTStd-Bd.otf
DataFormat:sfntData
UsesStandardEncoding:yes
isCFF:yes
hasSVG:no
VariableFontType:NonVariableFont
FileLength:29448
FileModTime:229635220
NameArray:0,Mac,18,HelveticaNeueLT Std Bold
NameArray:0,Mac,4,Helvetica Neue LT Std 75 Bold
NameArray:0,Win,1,HelveticaNeueLT Std
NameArray:0,Win,16,Helvetica Neue LT Std
%EndFont

%BeginFont
Handler:DirectoryHandler
FontType:TrueType
FontName:Wingdings3
FamilyName:Wingdings 3
StyleName:Regular
MenuName:Wingdings 3
StyleBits:0
WeightClass:400
WidthClass:5
AngleClass:0
FullName:Wingdings 3
WritingScript:Roman
OutlineFileName:/Users/erimacbookpro/Documents/GitHub/Choi_23Hour-Unit/FromBeverly/Campus inserts Folder/Document fonts/Wingdings 3
DataFormat:sfntResource
ResourceID:5101
hasSVG:no
VariableFontType:NonVariableFont
FileLength:30295
FileModTime:229590000
NameArray:0,Mac,4,Wingdings 3
NameArray:0,Win,1,Wingdings 3
%EndFont

%BeginFont
Handler:DirectoryHandler
FontType:Suitcase
FontName:Wingdings3
OutlineFileName:/Users/erimacbookpro/Documents/GitHub/Choi_23Hour-Unit/FromBeverly/Campus inserts Folder/Document fonts/Wingdings 3
ResourceID:2052
MacStyle:0
FileLength:30295
FileModTime:229590000
%EndFont

%BeginFont
Handler:DirectoryHandler
FontType:Suitcase
FontName:Wingdings3
OutlineFileName:/Users/erimacbookpro/Documents/GitHub/Choi_23Hour-Unit/FromBeverly/Campus inserts Folder/Document fonts/Wingdings 3
ResourceID:2052
MacStyle:1
FileLength:30295
FileModTime:229590000
%EndFont

%BeginFont
Handler:DirectoryHandler
FontType:TrueType
FontName:AppleBraille-Outline6Dot
FamilyName:Apple Braille
StyleName:Outline 6 Dot
MenuName:Apple Braille
StyleBits:0
WeightClass:400
WidthClass:5
AngleClass:0
FullName:Apple Braille Outline 6 Dot
WritingScript:Roman
OutlineFileName:/Users/erimacbookpro/Documents/GitHub/Choi_23Hour-Unit/FromBeverly/Campus inserts Folder/Document fonts/Apple Braille Outline 6 Dot.ttf
DataFormat:sfntData
hasSVG:no
VariableFontType:NonVariableFont
FileLength:263912
FileModTime:475109573
NameArray:0,Mac,4,Apple Braille Outline 6 Dot
%EndFont

%BeginFont
Handler:DirectoryHandler
FontType:Type1
FontName:MinionPro-Regular
FamilyName:Minion Pro
StyleName:Regular
MenuName:Minion Pro
StyleBits:0
WeightClass:400
WidthClass:5
AngleClass:0
FullName:Minion Pro
WritingScript:Roman
OutlineFileName:/Users/erimacbookpro/Documents/GitHub/Choi_23Hour-Unit/FromBeverly/Campus inserts Folder/Document fonts/MinionPro-Regular.otf
DataFormat:sfntData
UsesStandardEncoding:yes
isCFF:yes
hasSVG:no
VariableFontType:NonVariableFont
FileLength:217280
FileModTime:351014026
DesignSize:110
NameArray:0,Mac,4,Minion Pro
NameArray:0,Win,1,Minion Pro
%EndFont

%BeginFont
Handler:DirectoryHandler
FontType:Type1
FontName:HelveticaNeueLTStd-Roman
FamilyName:Helvetica Neue LT Std
StyleName:55 Roman
MenuName:HelveticaNeueLT Std
StyleBits:0
WeightClass:400
WidthClass:5
AngleClass:0
FullName:Helvetica Neue LT Std 55 Roman
WritingScript:Roman
OutlineFileName:/Users/erimacbookpro/Documents/GitHub/Choi_23Hour-Unit/FromBeverly/Campus inserts Folder/Document fonts/HelveticaNeueLTStd-Roman.otf
DataFormat:sfntData
UsesStandardEncoding:yes
isCFF:yes
hasSVG:no
VariableFontType:NonVariableFont
FileLength:29788
FileModTime:450940656
DesignSize:120
NameArray:0,Mac,18,HelveticaNeueLT Std
NameArray:0,Mac,4,Helvetica Neue LT Std 55 Roman
NameArray:0,Win,1,HelveticaNeueLT Std
NameArray:0,Win,16,Helvetica Neue LT Std
%EndFont

%BeginFont
Handler:DirectoryHandler
FontType:Type1
FontName:HelveticaNeueLTStd-Md
FamilyName:Helvetica Neue LT Std
StyleName:65 Medium
MenuName:HelveticaNeueLT Std Med
StyleBits:0
WeightClass:500
WidthClass:5
AngleClass:0
FullName:Helvetica Neue LT Std 65 Medium
WritingScript:Roman
OutlineFileName:/Users/erimacbookpro/Documents/GitHub/Choi_23Hour-Unit/FromBeverly/Campus inserts Folder/Document fonts/HelveticaNeueLTStd-Md.otf
DataFormat:sfntData
UsesStandardEncoding:yes
isCFF:yes
hasSVG:no
VariableFontType:NonVariableFont
FileLength:28260
FileModTime:303860812
NameArray:0,Mac,18,HelveticaNeueLT Std Med
NameArray:0,Mac,4,Helvetica Neue LT Std 65 Medium
NameArray:0,Win,1,HelveticaNeueLT Std Med
NameArray:0,Win,16,Helvetica Neue LT Std
%EndFont

%BeginFont
Handler:DirectoryHandler
FontType:Type1
FontName:HelveticaNeueLTStd-Lt
FamilyName:Helvetica Neue LT Std
StyleName:45 Light
MenuName:HelveticaNeueLT Std Lt
StyleBits:0
WeightClass:300
WidthClass:5
AngleClass:0
FullName:Helvetica Neue LT Std 45 Light
WritingScript:Roman
OutlineFileName:/Users/erimacbookpro/Documents/GitHub/Choi_23Hour-Unit/FromBeverly/Campus inserts Folder/Document fonts/HelveticaNeueLTStd-Lt.otf
DataFormat:sfntData
UsesStandardEncoding:yes
isCFF:yes
hasSVG:no
VariableFontType:NonVariableFont
FileLength:28980
FileModTime:417457502
DesignSize:120
NameArray:0,Mac,18,HelveticaNeueLT Std Lt
NameArray:0,Mac,4,Helvetica Neue LT Std 45 Light
NameArray:0,Win,1,HelveticaNeueLT Std Lt
NameArray:0,Win,16,Helvetica Neue LT Std
%EndFont

